#
# There is insufficient memory for the Java Runtime Environment to continue.
# Native memory allocation (malloc) failed to allocate 32744 bytes for ChunkPool::allocate
# Possible reasons:
#   The system is out of physical RAM or swap space
#   In 32 bit mode, the process size limit was hit
# Possible solutions:
#   Reduce memory load on the system
#   Increase physical memory or swap space
#   Check if swap backing store is full
#   Use 64 bit Java on a 64 bit OS
#   Decrease Java heap size (-Xmx/-Xms)
#   Decrease number of Java threads
#   Decrease Java thread stack sizes (-Xss)
#   Set larger code cache with -XX:ReservedCodeCacheSize=
# This output file may be truncated or incomplete.
#
#  Out of Memory Error (allocation.cpp:273), pid=2824, tid=0x0000000000001308
#
# JRE version: Java(TM) SE Runtime Environment (8.0_121-b13) (build 1.8.0_121-b13)
# Java VM: Java HotSpot(TM) 64-Bit Server VM (25.121-b13 mixed mode windows-amd64 compressed oops)
# Failed to write core dump. Minidumps are not enabled by default on client versions of Windows
#

---------------  T H R E A D  ---------------

Current thread (0x0000000014ede800):  JavaThread "C2 CompilerThread0" daemon [_thread_in_native, id=4872, stack(0x0000000016660000,0x0000000016760000)]

Stack: [0x0000000016660000,0x0000000016760000]
[error occurred during error reporting (printing stack bounds), id 0xc0000005]

Native frames: (J=compiled Java code, j=interpreted, Vv=VM code, C=native code)


Current CompileTask:
C2:   7443 2027   !   4       com.android.dx.cf.code.Ropper::processBlock (1101 bytes)


---------------  P R O C E S S  ---------------

Java Threads: ( => current thread )
  0x0000000016ade800 JavaThread "pool-1-thread-4" [_thread_blocked, id=5652, stack(0x0000000017360000,0x0000000017460000)]
  0x0000000016ade000 JavaThread "pool-1-thread-3" [_thread_blocked, id=4428, stack(0x0000000017260000,0x0000000017360000)]
  0x0000000016add800 JavaThread "pool-1-thread-2" [_thread_blocked, id=2916, stack(0x0000000017160000,0x0000000017260000)]
  0x0000000016ad8800 JavaThread "pool-2-thread-1" [_thread_blocked, id=5604, stack(0x0000000017060000,0x0000000017160000)]
  0x0000000016acf800 JavaThread "pool-1-thread-1" [_thread_blocked, id=5240, stack(0x0000000016f60000,0x0000000017060000)]
  0x0000000014f3e800 JavaThread "Service Thread" daemon [_thread_blocked, id=3348, stack(0x0000000016d60000,0x0000000016e60000)]
  0x0000000014eee000 JavaThread "C1 CompilerThread2" daemon [_thread_blocked, id=5152, stack(0x0000000016860000,0x0000000016960000)]
  0x0000000014ee1800 JavaThread "C2 CompilerThread1" daemon [_thread_in_native, id=3648, stack(0x0000000016760000,0x0000000016860000)]
=>0x0000000014ede800 JavaThread "C2 CompilerThread0" daemon [_thread_in_native, id=4872, stack(0x0000000016660000,0x0000000016760000)]
  0x0000000014edd000 JavaThread "Attach Listener" daemon [_thread_blocked, id=5648, stack(0x0000000016560000,0x0000000016660000)]
  0x0000000014edb000 JavaThread "Signal Dispatcher" daemon [_thread_blocked, id=4984, stack(0x0000000016460000,0x0000000016560000)]
  0x000000000280a000 JavaThread "Finalizer" daemon [_thread_blocked, id=3956, stack(0x0000000016140000,0x0000000016240000)]
  0x00000000027ff000 JavaThread "Reference Handler" daemon [_thread_blocked, id=4032, stack(0x0000000016040000,0x0000000016140000)]
  0x0000000002711000 JavaThread "main" [_thread_in_Java, id=3524, stack(0x0000000002280000,0x0000000002380000)]

Other Threads:
  0x0000000014ea8000 VMThread [stack: 0x0000000015f40000,0x0000000016040000] [id=6032]
  0x00000000169b3800 WatcherThread [stack: 0x0000000016e60000,0x0000000016f60000] [id=6044]

VM state:not at safepoint (normal execution)

VM Mutex/Monitor currently owned by a thread: None

Heap:
 PSYoungGen      total 145408K, used 66362K [0x00000000eab00000, 0x00000000f4900000, 0x0000000100000000)
  eden space 132096K, 40% used [0x00000000eab00000,0x00000000eded3b50,0x00000000f2c00000)
  from space 13312K, 99% used [0x00000000f3a00000,0x00000000f46faf20,0x00000000f4700000)
  to   space 14336K, 0% used [0x00000000f2c00000,0x00000000f2c00000,0x00000000f3a00000)
 ParOldGen       total 87552K, used 47221K [0x00000000c0000000, 0x00000000c5580000, 0x00000000eab00000)
  object space 87552K, 53% used [0x00000000c0000000,0x00000000c2e1d478,0x00000000c5580000)
 Metaspace       used 6456K, capacity 7256K, committed 7424K, reserved 1056768K
  class space    used 627K, capacity 656K, committed 768K, reserved 1048576K

Card table byte_map: [0x0000000011bd0000,0x0000000011de0000] byte_map_base: 0x00000000115d0000

Marking Bits: (ParMarkBitMap*) 0x0000000070e1b6d0
 Begin Bits: [0x0000000012340000, 0x0000000013340000)
 End Bits:   [0x0000000013340000, 0x0000000014340000)

Polling page: 0x0000000000930000

CodeCache: size=245760Kb used=9307Kb max_used=9309Kb free=236452Kb
 bounds [0x0000000002810000, 0x0000000003130000, 0x0000000011810000]
 total_blobs=2277 nmethods=2015 adapters=175
 compilation: enabled

Compilation events (10 events):
Event: 6.827 Thread 0x0000000014eee000 2070       2       com.android.dx.cf.direct.StdAttributeFactory::runtimeVisibleAnnotations (44 bytes)
Event: 6.827 Thread 0x0000000014eee000 nmethod 2070 0x00000000030ee110 code [0x00000000030ee2a0, 0x00000000030ee618]
Event: 6.827 Thread 0x0000000014eee000 2071       2       com.android.dx.cf.attrib.AttRuntimeVisibleAnnotations::<init> (9 bytes)
Event: 6.827 Thread 0x0000000014eee000 nmethod 2071 0x00000000030edd90 code [0x00000000030edf00, 0x00000000030ee088]
Event: 6.927 Thread 0x0000000014eee000 2074   !   2       com.android.dx.command.dexer.Main$ClassDefItemConsumer::call (177 bytes)
Event: 6.929 Thread 0x0000000014eee000 nmethod 2074 0x0000000003119c90 code [0x0000000003119e80, 0x000000000311a838]
Event: 7.105 Thread 0x0000000014eee000 2077       2       com.android.dx.rop.type.Type::getArrayType (50 bytes)
Event: 7.106 Thread 0x0000000014eee000 nmethod 2077 0x000000000312afd0 code [0x000000000312b180, 0x000000000312b758]
Event: 7.224 Thread 0x0000000014eee000 2079       2       java.util.concurrent.FutureTask$WaitNode::<init> (12 bytes)
Event: 7.225 Thread 0x0000000014eee000 nmethod 2079 0x0000000003105d90 code [0x0000000003105ee0, 0x0000000003106050]

GC Heap History (10 events):
Event: 3.781 GC heap before
{Heap before GC invocations=4 (full 0):
 PSYoungGen      total 38400K, used 38388K [0x00000000eab00000, 0x00000000ef600000, 0x0000000100000000)
  eden space 33280K, 100% used [0x00000000eab00000,0x00000000ecb80000,0x00000000ecb80000)
  from space 5120K, 99% used [0x00000000ecb80000,0x00000000ed07d2a8,0x00000000ed080000)
  to   space 5120K, 0% used [0x00000000ef100000,0x00000000ef100000,0x00000000ef600000)
 ParOldGen       total 87552K, used 12672K [0x00000000c0000000, 0x00000000c5580000, 0x00000000eab00000)
  object space 87552K, 14% used [0x00000000c0000000,0x00000000c0c60330,0x00000000c5580000)
 Metaspace       used 6258K, capacity 7156K, committed 7296K, reserved 1056768K
  class space    used 607K, capacity 620K, committed 640K, reserved 1048576K
Event: 3.814 GC heap after
Heap after GC invocations=4 (full 0):
 PSYoungGen      total 71680K, used 5099K [0x00000000eab00000, 0x00000000ef600000, 0x0000000100000000)
  eden space 66560K, 0% used [0x00000000eab00000,0x00000000eab00000,0x00000000eec00000)
  from space 5120K, 99% used [0x00000000ef100000,0x00000000ef5fad98,0x00000000ef600000)
  to   space 5120K, 0% used [0x00000000eec00000,0x00000000eec00000,0x00000000ef100000)
 ParOldGen       total 87552K, used 18904K [0x00000000c0000000, 0x00000000c5580000, 0x00000000eab00000)
  object space 87552K, 21% used [0x00000000c0000000,0x00000000c1276048,0x00000000c5580000)
 Metaspace       used 6258K, capacity 7156K, committed 7296K, reserved 1056768K
  class space    used 607K, capacity 620K, committed 640K, reserved 1048576K
}
Event: 4.091 GC heap before
{Heap before GC invocations=5 (full 0):
 PSYoungGen      total 71680K, used 71659K [0x00000000eab00000, 0x00000000ef600000, 0x0000000100000000)
  eden space 66560K, 100% used [0x00000000eab00000,0x00000000eec00000,0x00000000eec00000)
  from space 5120K, 99% used [0x00000000ef100000,0x00000000ef5fad98,0x00000000ef600000)
  to   space 5120K, 0% used [0x00000000eec00000,0x00000000eec00000,0x00000000ef100000)
 ParOldGen       total 87552K, used 18904K [0x00000000c0000000, 0x00000000c5580000, 0x00000000eab00000)
  object space 87552K, 21% used [0x00000000c0000000,0x00000000c1276048,0x00000000c5580000)
 Metaspace       used 6270K, capacity 7156K, committed 7296K, reserved 1056768K
  class space    used 607K, capacity 620K, committed 640K, reserved 1048576K
Event: 4.113 GC heap after
Heap after GC invocations=5 (full 0):
 PSYoungGen      total 71680K, used 5115K [0x00000000eab00000, 0x00000000f4700000, 0x0000000100000000)
  eden space 66560K, 0% used [0x00000000eab00000,0x00000000eab00000,0x00000000eec00000)
  from space 5120K, 99% used [0x00000000eec00000,0x00000000ef0fefe8,0x00000000ef100000)
  to   space 13312K, 0% used [0x00000000f3a00000,0x00000000f3a00000,0x00000000f4700000)
 ParOldGen       total 87552K, used 25204K [0x00000000c0000000, 0x00000000c5580000, 0x00000000eab00000)
  object space 87552K, 28% used [0x00000000c0000000,0x00000000c189d1b8,0x00000000c5580000)
 Metaspace       used 6270K, capacity 7156K, committed 7296K, reserved 1056768K
  class space    used 607K, capacity 620K, committed 640K, reserved 1048576K
}
Event: 4.361 GC heap before
{Heap before GC invocations=6 (full 0):
 PSYoungGen      total 71680K, used 71675K [0x00000000eab00000, 0x00000000f4700000, 0x0000000100000000)
  eden space 66560K, 100% used [0x00000000eab00000,0x00000000eec00000,0x00000000eec00000)
  from space 5120K, 99% used [0x00000000eec00000,0x00000000ef0fefe8,0x00000000ef100000)
  to   space 13312K, 0% used [0x00000000f3a00000,0x00000000f3a00000,0x00000000f4700000)
 ParOldGen       total 87552K, used 25204K [0x00000000c0000000, 0x00000000c5580000, 0x00000000eab00000)
  object space 87552K, 28% used [0x00000000c0000000,0x00000000c189d1b8,0x00000000c5580000)
 Metaspace       used 6362K, capacity 7192K, committed 7424K, reserved 1056768K
  class space    used 627K, capacity 656K, committed 768K, reserved 1048576K
Event: 4.397 GC heap after
Heap after GC invocations=6 (full 0):
 PSYoungGen      total 145408K, used 13173K [0x00000000eab00000, 0x00000000f4900000, 0x0000000100000000)
  eden space 132096K, 0% used [0x00000000eab00000,0x00000000eab00000,0x00000000f2c00000)
  from space 13312K, 98% used [0x00000000f3a00000,0x00000000f46dd7e8,0x00000000f4700000)
  to   space 14336K, 0% used [0x00000000f2c00000,0x00000000f2c00000,0x00000000f3a00000)
 ParOldGen       total 87552K, used 25204K [0x00000000c0000000, 0x00000000c5580000, 0x00000000eab00000)
  object space 87552K, 28% used [0x00000000c0000000,0x00000000c189d1b8,0x00000000c5580000)
 Metaspace       used 6362K, capacity 7192K, committed 7424K, reserved 1056768K
  class space    used 627K, capacity 656K, committed 768K, reserved 1048576K
}
Event: 4.959 GC heap before
{Heap before GC invocations=7 (full 0):
 PSYoungGen      total 145408K, used 145269K [0x00000000eab00000, 0x00000000f4900000, 0x0000000100000000)
  eden space 132096K, 100% used [0x00000000eab00000,0x00000000f2c00000,0x00000000f2c00000)
  from space 13312K, 98% used [0x00000000f3a00000,0x00000000f46dd7e8,0x00000000f4700000)
  to   space 14336K, 0% used [0x00000000f2c00000,0x00000000f2c00000,0x00000000f3a00000)
 ParOldGen       total 87552K, used 25204K [0x00000000c0000000, 0x00000000c5580000, 0x00000000eab00000)
  object space 87552K, 28% used [0x00000000c0000000,0x00000000c189d1b8,0x00000000c5580000)
 Metaspace       used 6385K, capacity 7256K, committed 7424K, reserved 1056768K
  class space    used 627K, capacity 656K, committed 768K, reserved 1048576K
Event: 5.009 GC heap after
Heap after GC invocations=7 (full 0):
 PSYoungGen      total 146432K, used 14330K [0x00000000eab00000, 0x00000000f4900000, 0x0000000100000000)
  eden space 132096K, 0% used [0x00000000eab00000,0x00000000eab00000,0x00000000f2c00000)
  from space 14336K, 99% used [0x00000000f2c00000,0x00000000f39fe948,0x00000000f3a00000)
  to   space 13312K, 0% used [0x00000000f3a00000,0x00000000f3a00000,0x00000000f4700000)
 ParOldGen       total 87552K, used 30499K [0x00000000c0000000, 0x00000000c5580000, 0x00000000eab00000)
  object space 87552K, 34% used [0x00000000c0000000,0x00000000c1dc8cf8,0x00000000c5580000)
 Metaspace       used 6385K, capacity 7256K, committed 7424K, reserved 1056768K
  class space    used 627K, capacity 656K, committed 768K, reserved 1048576K
}
Event: 6.444 GC heap before
{Heap before GC invocations=8 (full 0):
 PSYoungGen      total 146432K, used 146426K [0x00000000eab00000, 0x00000000f4900000, 0x0000000100000000)
  eden space 132096K, 100% used [0x00000000eab00000,0x00000000f2c00000,0x00000000f2c00000)
  from space 14336K, 99% used [0x00000000f2c00000,0x00000000f39fe948,0x00000000f3a00000)
  to   space 13312K, 0% used [0x00000000f3a00000,0x00000000f3a00000,0x00000000f4700000)
 ParOldGen       total 87552K, used 30499K [0x00000000c0000000, 0x00000000c5580000, 0x00000000eab00000)
  object space 87552K, 34% used [0x00000000c0000000,0x00000000c1dc8cf8,0x00000000c5580000)
 Metaspace       used 6455K, capacity 7256K, committed 7424K, reserved 1056768K
  class space    used 627K, capacity 656K, committed 768K, reserved 1048576K
Event: 6.514 GC heap after
Heap after GC invocations=8 (full 0):
 PSYoungGen      total 145408K, used 13291K [0x00000000eab00000, 0x00000000f4900000, 0x0000000100000000)
  eden space 132096K, 0% used [0x00000000eab00000,0x00000000eab00000,0x00000000f2c00000)
  from space 13312K, 99% used [0x00000000f3a00000,0x00000000f46faf20,0x00000000f4700000)
  to   space 14336K, 0% used [0x00000000f2c00000,0x00000000f2c00000,0x00000000f3a00000)
 ParOldGen       total 87552K, used 47221K [0x00000000c0000000, 0x00000000c5580000, 0x00000000eab00000)
  object space 87552K, 53% used [0x00000000c0000000,0x00000000c2e1d478,0x00000000c5580000)
 Metaspace       used 6455K, capacity 7256K, committed 7424K, reserved 1056768K
  class space    used 627K, capacity 656K, committed 768K, reserved 1048576K
}

Deoptimization events (10 events):
Event: 4.213 Thread 0x0000000002711000 Uncommon trap: reason=unstable_if action=reinterpret pc=0x0000000002be0b50 method=com.android.dx.rop.code.RegisterSpec.equals(ILcom/android/dx/rop/type/TypeBearer;Lcom/android/dx/rop/code/LocalItem;)Z @ 16
Event: 4.271 Thread 0x0000000016ade800 Uncommon trap: reason=unstable_if action=reinterpret pc=0x0000000002c61b04 method=java.util.HashMap.putVal(ILjava/lang/Object;Ljava/lang/Object;ZZ)Ljava/lang/Object; @ 162
Event: 4.275 Thread 0x0000000016ade800 Uncommon trap: reason=unstable_if action=reinterpret pc=0x0000000002ec4c10 method=java.util.HashMap.getNode(ILjava/lang/Object;)Ljava/util/HashMap$Node; @ 84
Event: 4.347 Thread 0x0000000016ade800 Uncommon trap: reason=unstable_if action=reinterpret pc=0x0000000002eaf9e4 method=java.util.HashMap.getNode(ILjava/lang/Object;)Ljava/util/HashMap$Node; @ 84
Event: 4.586 Thread 0x0000000016ade000 Uncommon trap: reason=unstable_if action=reinterpret pc=0x0000000002eb0248 method=java.util.HashMap.putVal(ILjava/lang/Object;Ljava/lang/Object;ZZ)Ljava/lang/Object; @ 162
Event: 4.647 Thread 0x0000000016add800 Uncommon trap: reason=unstable_if action=reinterpret pc=0x0000000002ddb0a4 method=java.util.HashMap.resize()[Ljava/util/HashMap$Node; @ 206
Event: 4.920 Thread 0x0000000002711000 Uncommon trap: reason=unloaded action=reinterpret pc=0x0000000002f68b60 method=com.android.dx.cf.cst.ConstantPoolParser.parse0(ILjava/util/BitSet;)Lcom/android/dx/rop/cst/Constant; @ 220
Event: 5.097 Thread 0x0000000016ade000 Uncommon trap: reason=bimorphic action=maybe_recompile pc=0x0000000002f91a6c method=com.android.dx.cf.code.BytecodeArray.parseInstruction(ILcom/android/dx/cf/code/BytecodeArray$Visitor;)I @ 2281
Event: 5.097 Thread 0x0000000016ade000 Uncommon trap: reason=bimorphic action=maybe_recompile pc=0x0000000002f91a6c method=com.android.dx.cf.code.BytecodeArray.parseInstruction(ILcom/android/dx/cf/code/BytecodeArray$Visitor;)I @ 2281
Event: 5.834 Thread 0x0000000016ade000 Uncommon trap: reason=unstable_if action=reinterpret pc=0x0000000002d5d1a0 method=java.util.HashMap.getNode(ILjava/lang/Object;)Ljava/util/HashMap$Node; @ 84

Internal exceptions (6 events):
Event: 0.052 Thread 0x0000000002711000 Exception <a 'java/lang/NoSuchMethodError': Method sun.misc.Unsafe.defineClass(Ljava/lang/String;[BII)Ljava/lang/Class; name or signature does not match> (0x00000000eab07ca8) thrown at [C:\re\workspace\8-2-build-windows-amd64-cygwin\jdk8u121\8372\hotspot\
Event: 0.052 Thread 0x0000000002711000 Exception <a 'java/lang/NoSuchMethodError': Method sun.misc.Unsafe.prefetchRead(Ljava/lang/Object;J)V name or signature does not match> (0x00000000eab07f90) thrown at [C:\re\workspace\8-2-build-windows-amd64-cygwin\jdk8u121\8372\hotspot\src\share\vm\prims
Event: 3.629 Thread 0x0000000016acf800 Implicit null exception at 0x0000000002d1ac22 to 0x0000000002d1ad12
Event: 4.273 Thread 0x0000000016ade800 Exception <a 'java/lang/ArrayIndexOutOfBoundsException': 18> (0x00000000eda1dff0) thrown at [C:\re\workspace\8-2-build-windows-amd64-cygwin\jdk8u121\8372\hotspot\src\share\vm\interpreter\interpreterRuntime.cpp, line 366]
Event: 4.274 Thread 0x0000000016ade800 Exception <a 'java/lang/ArrayIndexOutOfBoundsException': 145> (0x00000000eda1fb70) thrown at [C:\re\workspace\8-2-build-windows-amd64-cygwin\jdk8u121\8372\hotspot\src\share\vm\interpreter\interpreterRuntime.cpp, line 366]
Event: 4.274 Thread 0x0000000016ade800 Exception <a 'java/lang/ArrayIndexOutOfBoundsException'> (0x00000000eda20e58) thrown at [C:\re\workspace\8-2-build-windows-amd64-cygwin\jdk8u121\8372\hotspot\src\share\vm\runtime\sharedRuntime.cpp, line 605]

Events (10 events):
Event: 6.522 Executing VM operation: RevokeBias
Event: 6.522 Executing VM operation: RevokeBias done
Event: 6.522 Executing VM operation: RevokeBias
Event: 6.522 Executing VM operation: RevokeBias done
Event: 6.522 Executing VM operation: BulkRevokeBias
Event: 6.522 Executing VM operation: BulkRevokeBias done
Event: 6.915 Thread 0x0000000016add800 DEOPT PACKING pc=0x0000000002b3952c sp=0x000000001725ecc0
Event: 6.915 Thread 0x0000000016add800 DEOPT UNPACKING pc=0x000000000285747f sp=0x000000001725ea40 mode 0
Event: 7.096 Thread 0x0000000016ade800 DEOPT PACKING pc=0x0000000002b3952c sp=0x000000001745e8c0
Event: 7.096 Thread 0x0000000016ade800 DEOPT UNPACKING pc=0x000000000285747f sp=0x000000001745e640 mode 0


Dynamic libraries:
0x000007f637860000 - 0x000007f637897000 	C:\Program Files\Java\jdk1.8.0_121\bin\java.exe
0x000007fbd9fd0000 - 0x000007fbda18d000 	C:\Windows\SYSTEM32\ntdll.dll
0x000007fbd91d0000 - 0x000007fbd9307000 	C:\Windows\system32\KERNEL32.DLL
0x000007fbd6f90000 - 0x000007fbd7084000 	C:\Windows\system32\KERNELBASE.dll
0x000007fbd7cb0000 - 0x000007fbd7d8e000 	C:\Windows\system32\ADVAPI32.DLL
0x000007fbd7bc0000 - 0x000007fbd7c65000 	C:\Windows\system32\msvcrt.dll
0x000007fbd7720000 - 0x000007fbd7768000 	C:\Windows\SYSTEM32\sechost.dll
0x000007fbd7770000 - 0x000007fbd78b5000 	C:\Windows\system32\RPCRT4.dll
0x000007fbd78c0000 - 0x000007fbd7a0c000 	C:\Windows\system32\USER32.dll
0x000007fbd2b90000 - 0x000007fbd2dfa000 	C:\Windows\WinSxS\amd64_microsoft.windows.common-controls_6595b64144ccf1df_6.0.9200.17359_none_4188b989718cf1c6\COMCTL32.dll
0x000007fbd9080000 - 0x000007fbd91c1000 	C:\Windows\system32\GDI32.dll
0x000007fbd7c70000 - 0x000007fbd7ca9000 	C:\Windows\system32\IMM32.DLL
0x000007fbd7470000 - 0x000007fbd7585000 	C:\Windows\system32\MSCTF.dll
0x0000000071f80000 - 0x0000000072052000 	C:\Program Files\Java\jdk1.8.0_121\jre\bin\msvcr100.dll
0x0000000070600000 - 0x0000000070e9b000 	C:\Program Files\Java\jdk1.8.0_121\jre\bin\server\jvm.dll
0x000007fbd41f0000 - 0x000007fbd41f9000 	C:\Windows\SYSTEM32\WSOCK32.dll
0x000007fbce180000 - 0x000007fbce1a0000 	C:\Windows\SYSTEM32\WINMM.dll
0x000007fbd3620000 - 0x000007fbd3629000 	C:\Windows\SYSTEM32\VERSION.dll
0x000007fbd7460000 - 0x000007fbd7467000 	C:\Windows\system32\PSAPI.DLL
0x000007fbd73f0000 - 0x000007fbd7448000 	C:\Windows\system32\WS2_32.dll
0x000007fbcd8e0000 - 0x000007fbcd913000 	C:\Windows\SYSTEM32\WINMMBASE.dll
0x000007fbd9310000 - 0x000007fbd9319000 	C:\Windows\system32\NSI.dll
0x000007fbd7350000 - 0x000007fbd739f000 	C:\Windows\SYSTEM32\cfgmgr32.dll
0x000007fbd7090000 - 0x000007fbd70b2000 	C:\Windows\system32\DEVOBJ.dll
0x0000000072fe0000 - 0x0000000072fef000 	C:\Program Files\Java\jdk1.8.0_121\jre\bin\verify.dll
0x0000000071f50000 - 0x0000000071f79000 	C:\Program Files\Java\jdk1.8.0_121\jre\bin\java.dll
0x0000000072fc0000 - 0x0000000072fd6000 	C:\Program Files\Java\jdk1.8.0_121\jre\bin\zip.dll
0x000007fbd7d90000 - 0x000007fbd9075000 	C:\Windows\system32\SHELL32.dll
0x000007fbd7a10000 - 0x000007fbd7bc0000 	C:\Windows\SYSTEM32\combase.dll
0x000007fbd73a0000 - 0x000007fbd73f0000 	C:\Windows\system32\SHLWAPI.dll
0x000007fbd44a0000 - 0x000007fbd4536000 	C:\Windows\SYSTEM32\SHCORE.dll
0x000007fbd6ef0000 - 0x000007fbd6f05000 	C:\Windows\system32\profapi.dll

VM Arguments:
jvm_args: -Djava.awt.headless=true -Xmx1024M -Dfile.encoding=windows-1251 -Duser.country=US -Duser.language=en -Duser.variant 
java_command: com.android.dx.command.Main --dex --num-threads=4 --output C:\projects\BSM\app\build\intermediates\pre-dexed\debug\retrolambda_8421326e09f40fad0053a926d3f7f0a0e734eac2.jar C:\projects\BSM\app\build\intermediates\transforms\retrolambda\debug\folders\1\1\retrolambda
java_class_path (initial): C:\AndroidSDK\build-tools\25.0.2\lib\dx.jar
Launcher Type: SUN_STANDARD

Environment Variables:
JAVA_HOME="C:\Program Files\Java\jdk1.8.0_121"
PATH=C:\ProgramData\Oracle\Java\javapath;C:\SiliconLabs\Optical_Sensors\Si114x\executable;C:\app\osminin\product\11.1.0\client_2\bin;C:\product\11.1.0\client_1;C:\Windows\system32;C:\Windows;C:\Windows\System32\Wbem;C:\Windows\System32\WindowsPowerShell\v1.0\;C:\Dev\android-ndk-r9d;C:\AndroidSDK\platform-tools; C:\AndroidSDK\build-tools\22.0.1;C:\Program Files\TortoiseSVN\bin;C:\QMS\Oracle\bin;C:\Program Files (x86)\GNU\GnuPG\pub;C:\Program Files (x86)\Skype\Phone\;C:\Program Files (x86)\Git\bin
USERNAME=osminin
OS=Windows_NT
PROCESSOR_IDENTIFIER=Intel64 Family 6 Model 37 Stepping 5, GenuineIntel



---------------  S Y S T E M  ---------------

OS: Windows 8 , 64 bit Build 9200 (6.2.9200.16859)

CPU:total 4 (2 cores per cpu, 2 threads per core) family 6 model 37 stepping 5, cmov, cx8, fxsr, mmx, sse, sse2, sse3, ssse3, sse4.1, sse4.2, popcnt, ht, tsc, tscinvbit

Memory: 4k page, physical 8379444k(1154548k free), swap 8379444k(5276k free)

vm_info: Java HotSpot(TM) 64-Bit Server VM (25.121-b13) for windows-amd64 JRE (1.8.0_121-b13), built on Dec 12 2016 18:21:36 by "java_re" with MS VC++ 10.0 (VS2010)

time: Tue Sep 12 15:17:07 2017
elapsed time: 7 seconds (0d 0h 0m 7s)

